lExecutor.java:1149) at java.util.concurrent.ThreadPoolExecutor$Worker.run(ThreadPoolExecutor.java:624) at org.apache.tomcat.util.threads.TaskThread$WrappingRunnable.run(TaskThread.java:61) at java.lang.Thread.run(Thread.java:748)
org.apache.geode.ToDataException: PdxSerializer failed when calling toData on class com.tmobile.xp.data.Waitable
	at org.apache.geode.internal.InternalDataSerializer.autoSerialized(InternalDataSerializer.java:1740) ~[geode-core-9.5.1.jar:na]
	at org.apache.geode.internal.InternalDataSerializer.basicWriteObject(InternalDataSerializer.java:2225) ~[geode-core-9.5.1.jar:na]
	at org.apache.geode.DataSerializer.writeObject(DataSerializer.java:2953) ~[geode-core-9.5.1.jar:na]
	at org.apache.geode.internal.util.BlobHelper.serializeTo(BlobHelper.java:66) ~[geode-core-9.5.1.jar:na]
	at org.apache.geode.internal.cache.tier.sockets.Message.serializeAndAddPart(Message.java:399) ~[geode-core-9.5.1.jar:na]
	at org.apache.geode.internal.cache.tier.sockets.Message.addObjPart(Message.java:343) ~[geode-core-9.5.1.jar:na]
	at org.apache.geode.internal.cache.tier.sockets.Message.addObjPart(Message.java:322) ~[geode-core-9.5.1.jar:na]
	at org.apache.geode.cache.client.internal.PutOp$PutOpImpl.<init>(PutOp.java:281) ~[geode-core-9.5.1.jar:na]
	at org.apache.geode.cache.client.internal.PutOp.execute(PutOp.java:66) ~[geode-core-9.5.1.jar:na]
	at org.apache.geode.cache.client.internal.ServerRegionProxy.put(ServerRegionProxy.java:159) ~[geode-core-9.5.1.jar:na]
	at org.apache.geode.internal.cache.LocalRegion.serverPut(LocalRegion.java:3010) ~[geode-core-9.5.1.jar:na]
	at org.apache.geode.internal.cache.LocalRegion.cacheWriteBeforePut(LocalRegion.java:3121) ~[geode-core-9.5.1.jar:na]
	at org.apache.geode.internal.cache.ProxyRegionMap.basicPut(ProxyRegionMap.java:239) ~[geode-core-9.5.1.jar:na]
	at org.apache.geode.internal.cache.LocalRegion.virtualPut(LocalRegion.java:5631) ~[geode-core-9.5.1.jar:na]
	at org.apache.geode.internal.cache.LocalRegionDataView.putEntry(LocalRegionDataView.java:152) ~[geode-core-9.5.1.jar:na]
	at org.apache.geode.internal.cache.LocalRegion.basicPut(LocalRegion.java:5059) ~[geode-core-9.5.1.jar:na]
	at org.apache.geode.internal.cache.LocalRegion.validatedPut(LocalRegion.java:1597) ~[geode-core-9.5.1.jar:na]
	at org.apache.geode.internal.cache.LocalRegion.put(LocalRegion.java:1584) ~[geode-core-9.5.1.jar:na]
	at org.apache.geode.internal.cache.AbstractRegion.put(AbstractRegion.java:413) ~[geode-core-9.5.1.jar:na]
	at org.apache.geode.cache.Region$put$0.call(Unknown Source) ~[na:na]
	at org.codehaus.groovy.runtime.callsite.CallSiteArray.defaultCall(CallSiteArray.java:45) ~[groovy-all-2.3.11.jar:2.3.11]
	at org.apache.geode.cache.Region$put$0.call(Unknown Source) ~[na:na]
	at com.tmobile.xp.data.GemfireDataFacade.put(GemfireDataFacade.groovy:65) ~[application-framework-5.8.jar:na]
	at sun.reflect.GeneratedMethodAccessor1039.invoke(Unknown Source) ~[na:na]
	at sun.reflect.DelegatingMethodAccessorImpl.invoke(DelegatingMethodAccessorImpl.java:43) ~[na:1.8.0_181]
	at java.lang.reflect.Method.invoke(Method.java:498) ~[na:1.8.0_181]
	at org.codehaus.groovy.runtime.callsite.PogoMetaMethodSite$PogoCachedMethodSiteNoUnwrapNoCoerce.invoke(PogoMetaMethodSite.java:207) ~[groovy-all-2.3.11.jar:2.3.11]
	at org.codehaus.groovy.runtime.callsite.PogoMetaMethodSite.callCurrent(PogoMetaMethodSite.java:56) ~[groovy-all-2.3.11.jar:2.3.11]
	at org.codehaus.groovy.runtime.callsite.CallSiteArray.defaultCallCurrent(CallSiteArray.java:49) ~[groovy-all-2.3.11.jar:2.3.11]
	at org.codehaus.groovy.runtime.callsite.PogoMetaMethodSite.callCurrent(PogoMetaMethodSite.java:61) ~[groovy-all-2.3.11.jar:2.3.11]
	at org.codehaus.groovy.runtime.callsite.AbstractCallSite.callCurrent(AbstractCallSite.java:145) ~[groovy-all-2.3.11.jar:2.3.11]
	at com.tmobile.xp.data.DataFacade.put(DataFacade.groovy:91) ~[application-framework-5.8.jar:na]
	at com.tmobile.xp.data.DataFacade$put$7.callCurrent(Unknown Source) ~[na:na]
	at org.codehaus.groovy.runtime.callsite.CallSiteArray.defaultCallCurrent(CallSiteArray.java:49) ~[groovy-all-2.3.11.jar:2.3.11]
	at org.codehaus.groovy.runtime.callsite.AbstractCallSite.callCurrent(AbstractCallSite.java:133) ~[groovy-all-2.3.11.jar:2.3.11]
	at org.codehaus.groovy.runtime.callsite.AbstractCallSite.callCurrent(AbstractCallSite.java:149) ~[groovy-all-2.3.11.jar:2.3.11]
	at com.tmobile.xp.data.DataFacade.waitableFail(DataFacade.groovy:371) ~[application-framework-5.8.jar:na]
	at com.tmobile.xp.data.DataFacade.waitableFail(DataFacade.groovy) ~[application-framework-5.8.jar:na]
	at com.tmobile.xp.data.DataFacade$waitableFail$11.callCurrent(Unknown Source) ~[na:na]
	at org.codehaus.groovy.runtime.callsite.CallSiteArray.defaultCallCurrent(CallSiteArray.java:49) ~[groovy-all-2.3.11.jar:2.3.11]
	at org.codehaus.groovy.runtime.callsite.AbstractCallSite.callCurrent(AbstractCallSite.java:133) ~[groovy-all-2.3.11.jar:2.3.11]
	at org.codehaus.groovy.runtime.callsite.AbstractCallSite.callCurrent(AbstractCallSite.java:149) ~[groovy-all-2.3.11.jar:2.3.11]
	at com.tmobile.xp.data.DataFacade.get(DataFacade.groovy:314) ~[application-framework-5.8.jar:na]
	at com.tmobile.xp.data.DataFacade$get$10.call(Unknown Source) ~[na:na]
	at com.tmobile.xp.service.soap.rsp.RspPostPaidAccountService.getBasicAccountDetails(RspPostPaidAccountService.groovy:33) ~[application-framework-5.8.jar:na]
	at com.tmobile.xp.service.soap.rsp.RspPostPaidAccountService$getBasicAccountDetails.call(Unknown Source) ~[na:na]
	at com.tmobile.xp.foundation.account.AccountService.getAccount(AccountService.groovy:54) ~[application-framework-5.8.jar:na]
	at com.tmobile.xp.foundation.account.IAccountService$getAccount$1.call(Unknown Source) ~[na:na]
	at AccountHeaderFilters$_closure1_closure2_closure3.doCall(AccountHeaderFilters.groovy:161) ~[classes/:na]
	at sun.reflect.NativeMethodAccessorImpl.invoke0(Native Method) ~[na:1.8.0_181]
	at sun.reflect.NativeMethodAccessorImpl.invoke(NativeMethodAccessorImpl.java:62) ~[na:1.8.0_181]
	at sun.reflect.DelegatingMethodAccessorImpl.invoke(DelegatingMethodAccessorImpl.java:43) ~[na:1.8.0_181]
	at java.lang.reflect.Method.invoke(Method.java:498) ~[na:1.8.0_181]
	at org.codehaus.groovy.reflection.CachedMethod.invoke(CachedMethod.java:90) [groovy-all-2.3.11.jar:2.3.11]
	at groovy.lang.MetaMethod.doMethodInvoke(MetaMethod.java:324) [groovy-all-2.3.11.jar:2.3.11]
	at groovy.lang.MetaClassImpl.invokeMethod(MetaClassImpl.java:1206) [groovy-all-2.3.11.jar:2.3.11]
	at groovy.lang.ExpandoMetaClass.invokeMethod(ExpandoMetaClass.java:1120) [groovy-all-2.3.11.jar:2.3.11]
	at groovy.lang.MetaClassImpl.invokeMethod(MetaClassImpl.java:1015) [groovy-all-2.3.11.jar:2.3.11]
	at groovy.lang.Closure.call(Closure.java:423) [groovy-all-2.3.11.jar:2.3.11]
	at groovy.lang.Closure.call(Closure.java:439) [groovy-all-2.3.11.jar:2.3.11]
	at org.codehaus.groovy.grails.plugins.web.filters.FilterToHandlerAdapter.postHandle(FilterToHandlerAdapter.groovy:208) [grails-plugin-filters-2.4.5.jar:2.4.5]
	at org.codehaus.groovy.grails.plugins.web.filters.CompositeInterceptor.postHandle(CompositeInterceptor.java:67) [grails-plugin-filters-2.4.5.jar:2.4.5]
	at org.codehaus.groovy.grails.web.servlet.GrailsDispatcherServlet.doDispatch(GrailsDispatcherServlet.java:363) [grails-web-2.4.5.jar:2.4.5]
	at org.springframework.web.servlet.DispatcherServlet.doService(DispatcherServlet.java:870) [spring-webmvc-4.0.9.RELEASE.jar:4.0.9.RELEASE]
	at org.springframework.web.servlet.FrameworkServlet.processRequest(FrameworkServlet.java:961) [spring-webmvc-4.0.9.RELEASE.jar:4.0.9.RELEASE]
	at org.springframework.web.servlet.FrameworkServlet.doGet(FrameworkServlet.java:852) [spring-webmvc-4.0.9.RELEASE.jar:4.0.9.RELEASE]
	at javax.servlet.http.HttpServlet.service(HttpServlet.java:635) [servlet-api.jar:na]
	at org.springframework.web.servlet.FrameworkServlet.service(FrameworkServlet.java:837) [spring-webmvc-4.0.9.RELEASE.jar:4.0.9.RELEASE]
	at javax.servlet.http.HttpServlet.service(HttpServlet.java:742) [servlet-api.jar:na]
	at org.apache.catalina.core.ApplicationFilterChain.internalDoFilter(ApplicationFilterChain.java:231) [catalina.jar:8.5.33]
	at org.apache.catalina.core.ApplicationFilterChain.doFilter(ApplicationFilterChain.java:166) [catalina.jar:8.5.33]
	at org.apache.tomcat.websocket.server.WsFilter.doFilter(WsFilter.java:52) [tomcat-websocket.jar:8.5.33]
	at org.apache.catalina.core.ApplicationFilterChain.internalDoFilter(ApplicationFilterChain.java:193) [catalina.jar:8.5.33]
	at org.apache.catalina.core.ApplicationFilterChain.doFilter(ApplicationFilterChain.java:166) [catalina.jar:8.5.33]
	at grails.plugin.cache.web.filter.PageFragmentCachingFilter.doFilter(PageFragmentCachingFilter.java:195) [classes/:na]
	at grails.plugin.cache.web.filter.AbstractFilter.doFilter(AbstractFilter.java:63) [classes/:na]
	at org.springframework.web.filter.DelegatingFilterProxy.invokeDelegate(DelegatingFilterProxy.java:344) [spring-web-4.0.9.RELEASE.jar:4.0.9.RELEASE]
	at org.springframework.web.filter.DelegatingFilterProxy.doFilter(DelegatingFilterProxy.java:261) [spring-web-4.0.9.RELEASE.jar:4.0.9.RELEASE]
	at org.apache.catalina.core.ApplicationFilterChain.internalDoFilter(ApplicationFilterChain.java:193) [catalina.jar:8.5.33]
	at org.apache.catalina.core.ApplicationFilterChain.doFilter(ApplicationFilterChain.java:166) [catalina.jar:8.5.33]
	at org.springframework.web.filter.OncePerRequestFilter.doFilter(OncePerRequestFilter.java:101) [spring-web-4.0.9.RELEASE.jar:4.0.9.RELEASE]
	at org.apache.catalina.core.ApplicationFilterChain.internalDoFilter(ApplicationFilterChain.java:193) [catalina.jar:8.5.33]
	at org.apache.catalina.core.ApplicationFilterChain.doFilter(ApplicationFilterChain.java:166) [catalina.jar:8.5.33]
	at org.springframework.web.filter.OncePerRequestFilter.doFilter(OncePerRequestFilter.java:101) [spring-web-4.0.9.RELEASE.jar:4.0.9.RELEASE]
	at org.apache.catalina.core.ApplicationFilterChain.internalDoFilter(ApplicationFilterChain.java:193) [catalina.jar:8.5.33]
	at org.apache.catalina.core.ApplicationFilterChain.doFilter(ApplicationFilterChain.java:166) [catalina.jar:8.5.33]
	at org.springframework.web.filter.OncePerRequestFilter.doFilter(OncePerRequestFilter.java:101) [spring-web-4.0.9.RELEASE.jar:4.0.9.RELEASE]
	at org.apache.catalina.core.ApplicationFilterChain.internalDoFilter(ApplicationFilterChain.java:193) [catalina.jar:8.5.33]
	at org.apache.catalina.core.ApplicationFilterChain.doFilter(ApplicationFilterChain.java:166) [catalina.jar:8.5.33]
	at org.apache.catalina.core.ApplicationDispatcher.invoke(ApplicationDispatcher.java:728) [catalina.jar:8.5.33]
	at org.apache.catalina.core.ApplicationDispatcher.processRequest(ApplicationDispatcher.java:470) [catalina.jar:8.5.33]
	at org.apache.catalina.core.ApplicationDispatcher.doForward(ApplicationDispatcher.java:395) [catalina.jar:8.5.33]
	at org.apache.catalina.core.ApplicationDispatcher.forward(ApplicationDispatcher.java:316) [catalina.jar:8.5.33]
	at org.codehaus.groovy.grails.web.mapping.UrlMappingUtils.forwardRequestForUrlMappingInfo(UrlMappingUtils.java:178) [grails-web-url-mappings-2.4.5.jar:2.4.5]
	at org.codehaus.groovy.grails.web.mapping.UrlMappingUtils.forwardRequestForUrlMappingInfo(UrlMappingUtils.java:144) [grails-web-url-mappings-2.4.5.jar:2.4.5]
	at org.codehaus.groovy.grails.web.mapping.UrlMappingUtils.forwardRequestForUrlMappingInfo(UrlMappingUtils.java:135) [grails-web-url-mappings-2.4.5.jar:2.4.5]
	at org.codehaus.groovy.grails.web.mapping.filter.UrlMappingsFilter.doFilterInternal(UrlMappingsFilter.java:216) [grails-web-url-mappings-2.4.5.jar:2.4.5]
	at org.springframework.web.filter.OncePerRequestFilter.doFilter(OncePerRequestFilter.java:107) [spring-web-4.0.9.RELEASE.jar:4.0.9.RELEASE]
	at org.apache.catalina.core.ApplicationFilterChain.internalDoFilter(ApplicationFilterChain.java:193) [catalina.jar:8.5.33]
	at org.apache.catalina.core.ApplicationFilterChain.doFilter(ApplicationFilterChain.java:166) [catalina.jar:8.5.33]
	at org.codehaus.groovy.grails.web.servlet.mvc.GrailsWebRequestFilter.doFilterInternal(GrailsWebRequestFilter.java:69) [grails-web-mvc-2.4.5.jar:2.4.5]
	at org.springframework.web.filter.OncePerRequestFilter.doFilter(OncePerRequestFilter.java:107) [spring-web-4.0.9.RELEASE.jar:4.0.9.RELEASE]
	at org.apache.catalina.core.ApplicationFilterChain.internalDoFilter(ApplicationFilterChain.java:193) [catalina.jar:8.5.33]
	at org.apache.catalina.core.ApplicationFilterChain.doFilter(ApplicationFilterChain.java:166) [catalina.jar:8.5.33]
	at com.tmobile.xp.security.AllowedMethodsFilter.doFilter(AllowedMethodsFilter.java:77) [classes/:na]
	at org.apache.catalina.core.ApplicationFilterChain.internalDoFilter(ApplicationFilterChain.java:193) [catalina.jar:8.5.33]
	at org.apache.catalina.core.ApplicationFilterChain.doFilter(ApplicationFilterChain.java:166) [catalina.jar:8.5.33]
	at com.tmobile.xp.util.response.CustomHttpResponseFilter.doFilter(CustomHttpResponseFilter.java:14) [application-framework-5.8.jar:na]
	at org.apache.catalina.core.ApplicationFilterChain.internalDoFilter(ApplicationFilterChain.java:193) [catalina.jar:8.5.33]
	at org.apache.catalina.core.ApplicationFilterChain.doFilter(ApplicationFilterChain.java:166) [catalina.jar:8.5.33]
	at org.codehaus.groovy.grails.web.filters.HiddenHttpMethodFilter.doFilterInternal(HiddenHttpMethodFilter.java:67) [grails-web-mvc-2.4.5.jar:2.4.5]
	at org.springframework.web.filter.OncePerRequestFilter.doFilter(OncePerRequestFilter.java:107) [spring-web-4.0.9.RELEASE.jar:4.0.9.RELEASE]
	at org.apache.catalina.core.ApplicationFilterChain.internalDoFilter(ApplicationFilterChain.java:193) [catalina.jar:8.5.33]
	at org.apache.catalina.core.ApplicationFilterChain.doFilter(ApplicationFilterChain.java:166) [catalina.jar:8.5.33]
	at com.tmobile.xp.util.request.CustomHttpRequestFilter.doFilter(CustomHttpRequestFilter.java:16) [application-framework-5.8.jar:na]
	at org.apache.catalina.core.ApplicationFilterChain.internalDoFilter(ApplicationFilterChain.java:193) [catalina.jar:8.5.33]
	at org.apache.catalina.core.ApplicationFilterChain.doFilter(ApplicationFilterChain.java:166) [catalina.jar:8.5.33]
	at com.planetj.servlet.filter.compression.CompressingFilter.doFilter(CompressingFilter.java:270) [pjl-comp-filter-1.7.jar:na]
	at org.apache.catalina.core.ApplicationFilterChain.internalDoFilter(ApplicationFilterChain.java:193) [catalina.jar:8.5.33]
	at org.apache.catalina.core.ApplicationFilterChain.doFilter(ApplicationFilterChain.java:166) [catalina.jar:8.5.33]
	at com.tmobile.xp.perf.PerformanceFilter.doFilter(PerformanceFilter.java:33) [classes/:na]
	at org.apache.catalina.core.ApplicationFilterChain.internalDoFilter(ApplicationFilterChain.java:193) [catalina.jar:8.5.33]
	at org.apache.catalina.core.ApplicationFilterChain.doFilter(ApplicationFilterChain.java:166) [catalina.jar:8.5.33]
	at org.springframework.web.filter.CharacterEncodingFilter.doFilterInternal(CharacterEncodingFilter.java:88) [spring-web-4.0.9.RELEASE.jar:4.0.9.RELEASE]
	at org.springframework.web.filter.OncePerRequestFilter.doFilter(OncePerRequestFilter.java:107) [spring-web-4.0.9.RELEASE.jar:4.0.9.RELEASE]
	at org.springframework.web.filter.DelegatingFilterProxy.invokeDelegate(DelegatingFilterProxy.java:344) [spring-web-4.0.9.RELEASE.jar:4.0.9.RELEASE]
	at org.springframework.web.filter.DelegatingFilterProxy.doFilter(DelegatingFilterProxy.java:261) [spring-web-4.0.9.RELEASE.jar:4.0.9.RELEASE]
	at org.apache.catalina.core.ApplicationFilterChain.internalDoFilter(ApplicationFilterChain.java:193) [catalina.jar:8.5.33]
	at org.apache.catalina.core.ApplicationFilterChain.doFilter(ApplicationFilterChain.java:166) [catalina.jar:8.5.33]
	at org.apache.catalina.core.StandardWrapperValve.invoke(StandardWrapperValve.java:198) [catalina.jar:8.5.33]
	at org.apache.catalina.core.StandardContextValve.invoke(StandardContextValve.java:96) [catalina.jar:8.5.33]
	at org.apache.geode.modules.session.catalina.CommitSessionValve.invoke(CommitSessionValve.java:47) [geode-modules-9.5.1.jar:na]
	at org.apache.geode.modules.session.catalina.JvmRouteBinderValve.invoke(JvmRouteBinderValve.java:47) [geode-modules-9.5.1.jar:na]
	at org.apache.catalina.authenticator.AuthenticatorBase.invoke(AuthenticatorBase.java:493) [catalina.jar:8.5.33]
	at org.apache.catalina.core.StandardHostValve.invoke(StandardHostValve.java:140) [catalina.jar:8.5.33]
	at org.apache.catalina.valves.ErrorReportValve.invoke(ErrorReportValve.java:81) [catalina.jar:8.5.33]
	at org.apache.catalina.valves.AbstractAccessLogValve.invoke(AbstractAccessLogValve.java:650) [catalina.jar:8.5.33]
	at org.apache.catalina.core.StandardEngineValve.invoke(StandardEngineValve.java:87) [catalina.jar:8.5.33]
	at org.apache.catalina.connector.CoyoteAdapter.service(CoyoteAdapter.java:342) [catalina.jar:8.5.33]
	at org.apache.coyote.http11.Http11Processor.service(Http11Processor.java:800) [tomcat-coyote.jar:8.5.33]
	at org.apache.coyote.AbstractProcessorLight.process(AbstractProcessorLight.java:66) [tomcat-coyote.jar:8.5.33]
	at org.apache.coyote.AbstractProtocol$ConnectionHandler.process(AbstractProtocol.java:806) [tomcat-coyote.jar:8.5.33]
	at org.apache.tomcat.util.net.NioEndpoint$SocketProcessor.doRun(NioEndpoint.java:1498) [tomcat-coyote.jar:8.5.33]
	at org.apache.tomcat.util.net.SocketProcessorBase.run(SocketProcessorBase.java:49) [tomcat-coyote.jar:8.5.33]
	at java.util.concurrent.ThreadPoolExecutor.runWorker(ThreadPoolExecutor.java:1149) [na:1.8.0_181]
	at java.util.concurrent.ThreadPoolExecutor$Worker.run(ThreadPoolExecutor.java:624) [na:1.8.0_181]
	at org.apache.tomcat.util.threads.TaskThread$WrappingRunnable.run(TaskThread.java:61) [tomcat-util.jar:8.5.33]
	at java.lang.Thread.run(Thread.java:748) [na:1.8.0_181]
Caused by: org.apache.geode.pdx.PdxSerializationException: Serialization error on field taskException for class com.tmobile.xp.data.Waitable
	at org.apache.geode.pdx.internal.AutoSerializableManager.handleException(AutoSerializableManager.java:1990) ~[geode-core-9.5.1.jar:na]
	at org.apache.geode.pdx.internal.AutoSerializableManager.access$100(AutoSerializableManager.java:52) ~[geode-core-9.5.1.jar:na]
	at org.apache.geode.pdx.internal.AutoSerializableManager$PdxFieldWrapper.handleException(AutoSerializableManager.java:776) ~[geode-core-9.5.1.jar:na]
	at org.apache.geode.pdx.internal.AutoSerializableManager.writeData(AutoSerializableManager.java:2021) ~[geode-core-9.5.1.jar:na]
	at org.apache.geode.internal.InternalDataSerializer.autoSerialized(InternalDataSerializer.java:1715) ~[geode-core-9.5.1.jar:na]
	... 147 common frames omitted
Caused by: org.apache.geode.ToDataException: PdxSerializer failed when calling toData on class com.tmobile.xp.exception.ServiceException
	at org.apache.geode.internal.InternalDataSerializer.writePdx(InternalDataSerializer.java:3224) ~[geode-core-9.5.1.jar:na]
	at org.apache.geode.internal.InternalDataSerializer.writeUserObject(InternalDataSerializer.java:1687) ~[geode-core-9.5.1.jar:na]
	at org.apache.geode.internal.InternalDataSerializer.writeWellKnownObject(InternalDataSerializer.java:1587) ~[geode-core-9.5.1.jar:na]
	at org.apache.geode.internal.InternalDataSerializer.basicWriteObject(InternalDataSerializer.java:2259) ~[geode-core-9.5.1.jar:na]
	at org.apache.geode.pdx.internal.PdxOutputStream.writeObject(PdxOutputStream.java:82) ~[geode-core-9.5.1.jar:na]
	at org.apache.geode.pdx.internal.PdxWriterImpl.writeObject(PdxWriterImpl.java:336) ~[geode-core-9.5.1.jar:na]
	at org.apache.geode.pdx.internal.AutoSerializableManager$ObjectField.serializeValue(AutoSerializableManager.java:1343) ~[geode-core-9.5.1.jar:na]
	at org.apache.geode.pdx.internal.AutoSerializableManager.writeData(AutoSerializableManager.java:2019) ~[geode-core-9.5.1.jar:na]
	... 148 common frames omitted
Caused by: org.apache.geode.pdx.PdxSerializationException: Serialization error on field cause for class com.tmobile.xp.exception.ServiceException
	at org.apache.geode.pdx.internal.AutoSerializableManager.handleException(AutoSerializableManager.java:1990) ~[geode-core-9.5.1.jar:na]
	at org.apache.geode.pdx.internal.AutoSerializableManager.access$100(AutoSerializableManager.java:52) ~[geode-core-9.5.1.jar:na]
	at org.apache.geode.pdx.internal.AutoSerializableManager$PdxFieldWrapper.handleException(AutoSerializableManager.java:776) ~[geode-core-9.5.1.jar:na]
	at org.apache.geode.pdx.internal.AutoSerializableManager.writeData(AutoSerializableManager.java:2021) ~[geode-core-9.5.1.jar:na]
	at org.apache.geode.pdx.internal.AutoSerializableManager.writeData(AutoSerializableManager.java:1975) ~[geode-core-9.5.1.jar:na]
	at org.apache.geode.pdx.ReflectionBasedAutoSerializer.toData(ReflectionBasedAutoSerializer.java:346) ~[geode-core-9.5.1.jar:na]
	at org.apache.geode.internal.InternalDataSerializer.writePdx(InternalDataSerializer.java:3182) ~[geode-core-9.5.1.jar:na]
	... 155 common frames omitted
Caused by: org.apache.geode.pdx.PdxSerializationException: Exception while serializing a PDX field
	at org.apache.geode.pdx.internal.PdxOutputStream.writeObject(PdxOutputStream.java:84) ~[geode-core-9.5.1.jar:na]
	at org.apache.geode.pdx.internal.PdxWriterImpl.writeObject(PdxWriterImpl.java:329) ~[geode-core-9.5.1.jar:na]
	at org.apache.geode.pdx.internal.AutoSerializableManager$ObjectField.serializeValue(AutoSerializableManager.java:1345) ~[geode-core-9.5.1.jar:na]
	at org.apache.geode.pdx.internal.AutoSerializableManager.writeData(AutoSerializableManager.java:2019) ~[geode-core-9.5.1.jar:na]
	... 158 common frames omitted
Caused by: java.io.NotSerializableException: com.sun.xml.internal.messaging.saaj.soap.ver1_1.SOAPPart1_1Impl
	at java.io.ObjectOutputStream.writeObject0(ObjectOutputStream.java:1184) ~[na:1.8.0_181]
	at java.io.ObjectOutputStream.defaultWriteFields(ObjectOutputStream.java:1548) ~[na:1.8.0_181]
	at java.io.ObjectOutputStream.writeSerialData(ObjectOutputStream.java:1509) ~[na:1.8.0_181]
	at java.io.ObjectOutputStream.writeOrdinaryObject(ObjectOutputStream.java:1432) ~[na:1.8.0_181]
	at java.io.ObjectOutputStream.writeObject0(ObjectOutputStream.java:1178) ~[na:1.8.0_181]
	at java.io.ObjectOutputStream.defaultWriteFields(ObjectOutputStream.java:1548) ~[na:1.8.0_181]
	at java.io.ObjectOutputStream.defaultWriteObject(ObjectOutputStream.java:441) ~[na:1.8.0_181]
	at com.sun.org.apache.xerces.internal.dom.NodeImpl.writeObject(NodeImpl.java:2019) ~[na:1.8.0_181]
	at sun.reflect.NativeMethodAccessorImpl.invoke0(Native Method) ~[na:1.8.0_181]
	at sun.reflect.NativeMethodAccessorImpl.invoke(NativeMethodAccessorImpl.java:62) ~[na:1.8.0_181]
	at sun.reflect.DelegatingMethodAccessorImpl.invoke(DelegatingMethodAccessorImpl.java:43) ~[na:1.8.0_181]
	at java.lang.reflect.Method.invoke(Method.java:498) ~[na:1.8.0_181]
	at java.io.ObjectStreamClass.invokeWriteObject(ObjectStreamClass.java:1140) ~[na:1.8.0_181]
	at java.io.ObjectOutputStream.writeSerialData(ObjectOutputStream.java:1496) ~[na:1.8.0_181]
	at java.io.ObjectOutputStream.writeOrdinaryObject(ObjectOutputStream.java:1432) ~[na:1.8.0_181]
	at java.io.ObjectOutputStream.writeObject0(ObjectOutputStream.java:1178) ~[na:1.8.0_181]
	at java.io.ObjectOutputStream.defaultWriteFields(ObjectOutputStream.java:1548) ~[na:1.8.0_181]
	at java.io.ObjectOutputStream.writeSerialData(ObjectOutputStream.java:1509) ~[na:1.8.0_181]
	at java.io.ObjectOutputStream.writeOrdinaryObject(ObjectOutputStream.java:1432) ~[na:1.8.0_181]
	at java.io.ObjectOutputStream.writeObject0(ObjectOutputStream.java:1178) ~[na:1.8.0_181]
	at java.io.ObjectOutputStream.writeObject(ObjectOutputStream.java:348) ~[na:1.8.0_181]
	at org.apache.geode.internal.InternalDataSerializer.writeSerializableObject(InternalDataSerializer.java:2406) ~[geode-core-9.5.1.jar:na]
	at org.apache.geode.internal.InternalDataSerializer.basicWriteObject(InternalDataSerializer.java:2280) ~[geode-core-9.5.1.jar:na]
	at org.apache.geode.pdx.internal.PdxOutputStream.writeObject(PdxOutputStream.java:82) ~[geode-core-9.5.1.jar:na]
	... 161 common frames omitted
18:11:50.374 [http-nio-8080-exec-10] DEBUG com.tmobile.xp.tablet.TabletService - [id=superusr] Entering isIosVersionAboveEqualTo
18:11:50.374 [http-nio-8080-exec-10] DEBUG com.tmobile.xp.tablet.TabletService - [id=superusr] [id=superusr] Entering isIosVersionAboveEqualTo
18:11:50.376 [http-nio-8080-exec-10] DEBUG com.tmobile.xp.tablet.TabletService - [id=superusr] User agent: "iOS / Safari: Mozilla/5.0 (iPad; CPU OS 7_1 like MAC OS X) AppleWebKit/537.51.1 (KHTML, like Gecko) CriOS/32.0 @